<?xml version="1.0" encoding="UTF-8"?>
<robot generator="Robot 6.0.2 (Python 3.10.6 on win32)" generated="20230620 07:12:26.570" rpa="false" schemaversion="3">
<suite id="s1" name="Booking TESTSUITE" source="C:\Users\Mansi Vijay\automation\booking\TESTSUITE\Booking_TESTSUITE.robot">
<kw name="Run Keywords" library="BuiltIn" type="SETUP">
<arg>open_and_maximize_browser_url</arg>
<arg>close_genius_popup</arg>
<doc>Executes all the given keywords in a sequence.</doc>
<kw name="open_and_maximize_browser_url" library="COMMONS">
<doc>Open and maximize browser for url and launch application</doc>
<kw name="Open Browser" library="SeleniumLibrary">
<arg>${DATA.URL}</arg>
<arg>${DATA.CHROME}</arg>
<arg>${DATA.TIMEOUT}</arg>
<doc>Opens a new browser instance to the optional ``url``.</doc>
<msg timestamp="20230620 07:12:30.783" level="INFO">Opening browser 'googlechrome' to base url 'https://booking.com/'.</msg>
<msg timestamp="20230620 07:12:30.791" level="INFO">Applicable driver not found; attempting to install with Selenium Manager (Beta)</msg>
<status status="PASS" starttime="20230620 07:12:30.781" endtime="20230620 07:12:36.703"/>
</kw>
<kw name="Maximize Browser Window" library="SeleniumLibrary">
<doc>Maximizes current browser window.</doc>
<status status="PASS" starttime="20230620 07:12:36.704" endtime="20230620 07:12:36.892"/>
</kw>
<kw name="Log" library="BuiltIn">
<arg>Browser opened and maximized successfully</arg>
<doc>Logs the given message with the given level.</doc>
<msg timestamp="20230620 07:12:36.893" level="INFO">Browser opened and maximized successfully</msg>
<status status="PASS" starttime="20230620 07:12:36.892" endtime="20230620 07:12:36.893"/>
</kw>
<kw name="Log Title" library="SeleniumLibrary">
<doc>Logs and returns the title of the current page.</doc>
<msg timestamp="20230620 07:12:36.921" level="INFO">Booking.com | Official site | The best hotels, flights, car rentals &amp; accommodations</msg>
<status status="PASS" starttime="20230620 07:12:36.894" endtime="20230620 07:12:36.921"/>
</kw>
<kw name="Title Should Be" library="SeleniumLibrary">
<arg>${DATA.TITLE}</arg>
<doc>Verifies that the current page title equals ``title``.</doc>
<msg timestamp="20230620 07:12:36.929" level="INFO">Page title is 'Booking.com | Official site | The best hotels, flights, car rentals &amp; accommodations'.</msg>
<status status="PASS" starttime="20230620 07:12:36.921" endtime="20230620 07:12:36.929"/>
</kw>
<kw name="Wait Until Element Is Visible" library="SeleniumLibrary">
<arg>${home_page.genius_popup}</arg>
<arg>${DATA.TIMEOUT}</arg>
<doc>Waits until the element ``locator`` is visible.</doc>
<status status="PASS" starttime="20230620 07:12:36.929" endtime="20230620 07:12:37.182"/>
</kw>
<kw name="Capture Page Screenshot" library="SeleniumLibrary">
<doc>Takes a screenshot of the current page and embeds it into a log file.</doc>
<msg timestamp="20230620 07:12:37.553" level="INFO" html="true">&lt;/td&gt;&lt;/tr&gt;&lt;tr&gt;&lt;td colspan="3"&gt;&lt;a href="selenium-screenshot-2463.png"&gt;&lt;img src="selenium-screenshot-2463.png" width="800px"&gt;&lt;/a&gt;</msg>
<status status="PASS" starttime="20230620 07:12:37.182" endtime="20230620 07:12:37.553"/>
</kw>
<kw name="Log" library="BuiltIn">
<arg>Genius popup opened</arg>
<doc>Logs the given message with the given level.</doc>
<msg timestamp="20230620 07:12:37.554" level="INFO">Genius popup opened</msg>
<status status="PASS" starttime="20230620 07:12:37.554" endtime="20230620 07:12:37.554"/>
</kw>
<kw name="Log" library="BuiltIn">
<arg>Booking.com Website Launched successfully.</arg>
<doc>Logs the given message with the given level.</doc>
<msg timestamp="20230620 07:12:37.554" level="INFO">Booking.com Website Launched successfully.</msg>
<status status="PASS" starttime="20230620 07:12:37.554" endtime="20230620 07:12:37.554"/>
</kw>
<status status="PASS" starttime="20230620 07:12:30.781" endtime="20230620 07:12:37.555"/>
</kw>
<kw name="close_genius_popup" library="COMMONS">
<doc>Close opened Genius Popup</doc>
<kw name="Wait Until Element Is Visible" library="SeleniumLibrary">
<arg>${home_page.genius_popup}</arg>
<arg>${DATA.TIMEOUT}</arg>
<doc>Waits until the element ``locator`` is visible.</doc>
<status status="PASS" starttime="20230620 07:12:37.555" endtime="20230620 07:12:37.636"/>
</kw>
<kw name="Capture Page Screenshot" library="SeleniumLibrary">
<doc>Takes a screenshot of the current page and embeds it into a log file.</doc>
<msg timestamp="20230620 07:12:37.919" level="INFO" html="true">&lt;/td&gt;&lt;/tr&gt;&lt;tr&gt;&lt;td colspan="3"&gt;&lt;a href="selenium-screenshot-2464.png"&gt;&lt;img src="selenium-screenshot-2464.png" width="800px"&gt;&lt;/a&gt;</msg>
<status status="PASS" starttime="20230620 07:12:37.637" endtime="20230620 07:12:37.920"/>
</kw>
<kw name="Log" library="BuiltIn">
<arg>Genius popup opened</arg>
<doc>Logs the given message with the given level.</doc>
<msg timestamp="20230620 07:12:37.920" level="INFO">Genius popup opened</msg>
<status status="PASS" starttime="20230620 07:12:37.920" endtime="20230620 07:12:37.920"/>
</kw>
<kw name="Click Button" library="SeleniumLibrary">
<arg>${home_page.genius_popup_close_btn}</arg>
<doc>Clicks the button identified by ``locator``.</doc>
<msg timestamp="20230620 07:12:37.921" level="INFO">Clicking button '//button[@class="fc63351294 a822bdf511 e3c025e003 fa565176a8 f7db01295e c334e6f658 ae1678b153"]'.</msg>
<status status="PASS" starttime="20230620 07:12:37.920" endtime="20230620 07:12:38.146"/>
</kw>
<kw name="Wait Until Element Is Not Visible" library="SeleniumLibrary">
<arg>${home_page.genius_popup}</arg>
<arg>${DATA.TIMEOUT}</arg>
<doc>Waits until the element ``locator`` is not visible.</doc>
<msg timestamp="20230620 07:12:38.508" level="INFO">Suppressing StaleElementReferenceException from Selenium.</msg>
<status status="PASS" starttime="20230620 07:12:38.146" endtime="20230620 07:12:38.726"/>
</kw>
<kw name="Capture Page Screenshot" library="SeleniumLibrary">
<doc>Takes a screenshot of the current page and embeds it into a log file.</doc>
<msg timestamp="20230620 07:12:39.053" level="INFO" html="true">&lt;/td&gt;&lt;/tr&gt;&lt;tr&gt;&lt;td colspan="3"&gt;&lt;a href="selenium-screenshot-2465.png"&gt;&lt;img src="selenium-screenshot-2465.png" width="800px"&gt;&lt;/a&gt;</msg>
<status status="PASS" starttime="20230620 07:12:38.726" endtime="20230620 07:12:39.053"/>
</kw>
<kw name="Wait Until Element Is Visible" library="SeleniumLibrary">
<arg>${home_page.logo}</arg>
<arg>${DATA.TIMEOUT}</arg>
<doc>Waits until the element ``locator`` is visible.</doc>
<status status="PASS" starttime="20230620 07:12:39.053" endtime="20230620 07:12:39.079"/>
</kw>
<kw name="Log" library="BuiltIn">
<arg>Genius popup closed</arg>
<doc>Logs the given message with the given level.</doc>
<msg timestamp="20230620 07:12:39.079" level="INFO">Genius popup closed</msg>
<status status="PASS" starttime="20230620 07:12:39.079" endtime="20230620 07:12:39.079"/>
</kw>
<kw name="Log" library="BuiltIn">
<arg>Booking.com Website Home Page Launched successfully.</arg>
<doc>Logs the given message with the given level.</doc>
<msg timestamp="20230620 07:12:39.079" level="INFO">Booking.com Website Home Page Launched successfully.</msg>
<status status="PASS" starttime="20230620 07:12:39.079" endtime="20230620 07:12:39.079"/>
</kw>
<status status="PASS" starttime="20230620 07:12:37.555" endtime="20230620 07:12:39.080"/>
</kw>
<status status="PASS" starttime="20230620 07:12:30.780" endtime="20230620 07:12:39.080"/>
</kw>
<test id="s1-t1" name="TC_01_Verify_searching_flights" line="14">
<kw name="verify_that_booking_dot_com_main_page_is_launched_succesfully" library="Page">
<doc>verify that booking.com application is launched succesfully</doc>
<kw name="Page Should Contain Element" library="SeleniumLibrary">
<arg>${home_page.logo}</arg>
<arg>${DATA.TIMEOUT}</arg>
<doc>Verifies that element ``locator`` is found on the current page.</doc>
<msg timestamp="20230620 07:12:39.096" level="INFO">Current page contains element 'css=a.fc63351294'.</msg>
<status status="PASS" starttime="20230620 07:12:39.081" endtime="20230620 07:12:39.096"/>
</kw>
<kw name="Page Should Contain Element" library="SeleniumLibrary">
<arg>${home_page.flight_hotel}</arg>
<arg>${DATA.TIMEOUT}</arg>
<doc>Verifies that element ``locator`` is found on the current page.</doc>
<msg timestamp="20230620 07:12:39.110" level="INFO">Current page contains element '//a[@id="packages"]'.</msg>
<status status="PASS" starttime="20230620 07:12:39.096" endtime="20230620 07:12:39.110"/>
</kw>
<kw name="Capture Page Screenshot" library="SeleniumLibrary">
<doc>Takes a screenshot of the current page and embeds it into a log file.</doc>
<msg timestamp="20230620 07:12:39.408" level="INFO" html="true">&lt;/td&gt;&lt;/tr&gt;&lt;tr&gt;&lt;td colspan="3"&gt;&lt;a href="selenium-screenshot-2466.png"&gt;&lt;img src="selenium-screenshot-2466.png" width="800px"&gt;&lt;/a&gt;</msg>
<status status="PASS" starttime="20230620 07:12:39.111" endtime="20230620 07:12:39.408"/>
</kw>
<kw name="Log" library="BuiltIn">
<arg>Booking.com Website Home Page Launched successfully.</arg>
<doc>Logs the given message with the given level.</doc>
<msg timestamp="20230620 07:12:39.408" level="INFO">Booking.com Website Home Page Launched successfully.</msg>
<status status="PASS" starttime="20230620 07:12:39.408" endtime="20230620 07:12:39.408"/>
</kw>
<status status="PASS" starttime="20230620 07:12:39.080" endtime="20230620 07:12:39.408"/>
</kw>
<kw name="launching_flights_and_hotels_page" library="Page">
<doc>Launching Agoda flights and hotels</doc>
<kw name="Page Should Contain Element" library="SeleniumLibrary">
<arg>${home_page.flight_hotel}</arg>
<arg>${DATA.TIMEOUT}</arg>
<doc>Verifies that element ``locator`` is found on the current page.</doc>
<msg timestamp="20230620 07:12:39.421" level="INFO">Current page contains element '//a[@id="packages"]'.</msg>
<status status="PASS" starttime="20230620 07:12:39.409" endtime="20230620 07:12:39.421"/>
</kw>
<kw name="Log" library="BuiltIn">
<arg>Clicking Flights and Hotel Link</arg>
<doc>Logs the given message with the given level.</doc>
<msg timestamp="20230620 07:12:39.421" level="INFO">Clicking Flights and Hotel Link</msg>
<status status="PASS" starttime="20230620 07:12:39.421" endtime="20230620 07:12:39.421"/>
</kw>
<kw name="Click Link" library="SeleniumLibrary">
<arg>${home_page.flight_hotel}</arg>
<doc>Clicks a link identified by ``locator``.</doc>
<msg timestamp="20230620 07:12:39.422" level="INFO">Clicking link '//a[@id="packages"]'.</msg>
<status status="PASS" starttime="20230620 07:12:39.421" endtime="20230620 07:12:41.851"/>
</kw>
<kw name="Log" library="BuiltIn">
<arg>Flights and Hotel Link Clicked</arg>
<doc>Logs the given message with the given level.</doc>
<msg timestamp="20230620 07:12:41.852" level="INFO">Flights and Hotel Link Clicked</msg>
<status status="PASS" starttime="20230620 07:12:41.852" endtime="20230620 07:12:41.852"/>
</kw>
<kw name="Capture Page Screenshot" library="SeleniumLibrary">
<doc>Takes a screenshot of the current page and embeds it into a log file.</doc>
<msg timestamp="20230620 07:12:43.012" level="INFO" html="true">&lt;/td&gt;&lt;/tr&gt;&lt;tr&gt;&lt;td colspan="3"&gt;&lt;a href="selenium-screenshot-2467.png"&gt;&lt;img src="selenium-screenshot-2467.png" width="800px"&gt;&lt;/a&gt;</msg>
<status status="PASS" starttime="20230620 07:12:41.852" endtime="20230620 07:12:43.012"/>
</kw>
<kw name="Wait Until Element Is Visible" library="SeleniumLibrary">
<arg>${agoda_booking_page.agoda_logo}</arg>
<arg>${DATA.TIMEOUT}</arg>
<doc>Waits until the element ``locator`` is visible.</doc>
<status status="PASS" starttime="20230620 07:12:43.012" endtime="20230620 07:12:43.043"/>
</kw>
<kw name="Wait Until Element Is Visible" library="SeleniumLibrary">
<arg>${agoda_booking_page.booking_logo}</arg>
<arg>${DATA.TIMEOUT}</arg>
<doc>Waits until the element ``locator`` is visible.</doc>
<status status="PASS" starttime="20230620 07:12:43.043" endtime="20230620 07:12:43.067"/>
</kw>
<kw name="Log" library="BuiltIn">
<arg>Agoda Booking page launched</arg>
<doc>Logs the given message with the given level.</doc>
<msg timestamp="20230620 07:12:43.068" level="INFO">Agoda Booking page launched</msg>
<status status="PASS" starttime="20230620 07:12:43.068" endtime="20230620 07:12:43.068"/>
</kw>
<status status="PASS" starttime="20230620 07:12:39.409" endtime="20230620 07:12:43.068"/>
</kw>
<kw name="searching_flights_and_hotel" library="Page">
<doc>Searching Flights and Hotels</doc>
<kw name="getting_tomorrow_date" library="Page">
<kw name="Get Current Date" library="DateTime">
<var>${curr_date}</var>
<arg>result_format=%a %b %d %Y</arg>
<doc>Returns current local or UTC time with an optional increment.</doc>
<msg timestamp="20230620 07:12:43.070" level="INFO">${curr_date} = Tue Jun 20 2023</msg>
<status status="PASS" starttime="20230620 07:12:43.069" endtime="20230620 07:12:43.070"/>
</kw>
<kw name="Log" library="BuiltIn">
<arg>${curr_date}</arg>
<doc>Logs the given message with the given level.</doc>
<msg timestamp="20230620 07:12:43.070" level="INFO">Tue Jun 20 2023</msg>
<status status="PASS" starttime="20230620 07:12:43.070" endtime="20230620 07:12:43.070"/>
</kw>
<kw name="Get Current Date" library="DateTime">
<var>${date}</var>
<arg>result_format=%a %b %d %Y</arg>
<arg>increment=1 day</arg>
<doc>Returns current local or UTC time with an optional increment.</doc>
<msg timestamp="20230620 07:12:43.070" level="INFO">${date} = Wed Jun 21 2023</msg>
<status status="PASS" starttime="20230620 07:12:43.070" endtime="20230620 07:12:43.070"/>
</kw>
<kw name="Log" library="BuiltIn">
<arg>${date}</arg>
<doc>Logs the given message with the given level.</doc>
<msg timestamp="20230620 07:12:43.071" level="INFO">Wed Jun 21 2023</msg>
<status status="PASS" starttime="20230620 07:12:43.070" endtime="20230620 07:12:43.071"/>
</kw>
<kw name="Set Test Variable" library="BuiltIn">
<arg>${next_date}</arg>
<arg>${date}</arg>
<doc>Makes a variable available everywhere within the scope of the current test.</doc>
<msg timestamp="20230620 07:12:43.072" level="INFO">${next_date} = Wed Jun 21 2023</msg>
<status status="PASS" starttime="20230620 07:12:43.071" endtime="20230620 07:12:43.072"/>
</kw>
<status status="PASS" starttime="20230620 07:12:43.069" endtime="20230620 07:12:43.072"/>
</kw>
<kw name="getting_after_7_days_date" library="Page">
<kw name="Get Current Date" library="DateTime">
<var>${curr_date}</var>
<arg>result_format=%a %b %d %Y</arg>
<doc>Returns current local or UTC time with an optional increment.</doc>
<msg timestamp="20230620 07:12:43.073" level="INFO">${curr_date} = Tue Jun 20 2023</msg>
<status status="PASS" starttime="20230620 07:12:43.072" endtime="20230620 07:12:43.073"/>
</kw>
<kw name="Log" library="BuiltIn">
<arg>${curr_date}</arg>
<doc>Logs the given message with the given level.</doc>
<msg timestamp="20230620 07:12:43.073" level="INFO">Tue Jun 20 2023</msg>
<status status="PASS" starttime="20230620 07:12:43.073" endtime="20230620 07:12:43.073"/>
</kw>
<kw name="Get Current Date" library="DateTime">
<var>${date}</var>
<arg>result_format=%a %b %d %Y</arg>
<arg>increment=7 day</arg>
<doc>Returns current local or UTC time with an optional increment.</doc>
<msg timestamp="20230620 07:12:43.073" level="INFO">${date} = Tue Jun 27 2023</msg>
<status status="PASS" starttime="20230620 07:12:43.073" endtime="20230620 07:12:43.073"/>
</kw>
<kw name="Log" library="BuiltIn">
<arg>${date}</arg>
<doc>Logs the given message with the given level.</doc>
<msg timestamp="20230620 07:12:43.074" level="INFO">Tue Jun 27 2023</msg>
<status status="PASS" starttime="20230620 07:12:43.074" endtime="20230620 07:12:43.074"/>
</kw>
<kw name="Set Test Variable" library="BuiltIn">
<arg>${after_7_date}</arg>
<arg>${date}</arg>
<doc>Makes a variable available everywhere within the scope of the current test.</doc>
<msg timestamp="20230620 07:12:43.075" level="INFO">${after_7_date} = Tue Jun 27 2023</msg>
<status status="PASS" starttime="20230620 07:12:43.074" endtime="20230620 07:12:43.075"/>
</kw>
<status status="PASS" starttime="20230620 07:12:43.072" endtime="20230620 07:12:43.076"/>
</kw>
<kw name="Capture Page Screenshot" library="SeleniumLibrary">
<doc>Takes a screenshot of the current page and embeds it into a log file.</doc>
<msg timestamp="20230620 07:12:43.869" level="INFO" html="true">&lt;/td&gt;&lt;/tr&gt;&lt;tr&gt;&lt;td colspan="3"&gt;&lt;a href="selenium-screenshot-2468.png"&gt;&lt;img src="selenium-screenshot-2468.png" width="800px"&gt;&lt;/a&gt;</msg>
<status status="PASS" starttime="20230620 07:12:43.076" endtime="20230620 07:12:43.869"/>
</kw>
<kw name="Log" library="BuiltIn">
<arg>Enter flying from location</arg>
<doc>Logs the given message with the given level.</doc>
<msg timestamp="20230620 07:12:43.870" level="INFO">Enter flying from location</msg>
<status status="PASS" starttime="20230620 07:12:43.870" endtime="20230620 07:12:43.870"/>
</kw>
<kw name="Wait Until Element Is Visible" library="SeleniumLibrary">
<arg>${agoda_booking_page.flying_from}</arg>
<arg>${DATA.TIMEOUT}</arg>
<doc>Waits until the element ``locator`` is visible.</doc>
<status status="PASS" starttime="20230620 07:12:43.871" endtime="20230620 07:12:43.900"/>
</kw>
<kw name="Click Element" library="SeleniumLibrary">
<arg>${agoda_booking_page.flying_from}</arg>
<doc>Click the element identified by ``locator``.</doc>
<msg timestamp="20230620 07:12:43.901" level="INFO">Clicking element '//input[@aria-label="Flying from" and @class="SearchBoxTextEditor AutocompleteSearch__TextEditor"]'.</msg>
<status status="PASS" starttime="20230620 07:12:43.901" endtime="20230620 07:12:43.993"/>
</kw>
<kw name="Capture Page Screenshot" library="SeleniumLibrary">
<doc>Takes a screenshot of the current page and embeds it into a log file.</doc>
<msg timestamp="20230620 07:12:44.762" level="INFO" html="true">&lt;/td&gt;&lt;/tr&gt;&lt;tr&gt;&lt;td colspan="3"&gt;&lt;a href="selenium-screenshot-2469.png"&gt;&lt;img src="selenium-screenshot-2469.png" width="800px"&gt;&lt;/a&gt;</msg>
<status status="PASS" starttime="20230620 07:12:43.994" endtime="20230620 07:12:44.762"/>
</kw>
<kw name="Press Keys" library="SeleniumLibrary">
<arg>${agoda_booking_page.flying_from}</arg>
<arg>${search.flight_from}</arg>
<doc>Simulates the user pressing key(s) to an element or on the active browser.</doc>
<msg timestamp="20230620 07:12:44.764" level="INFO">Sending key(s) ('Sydney',) to //input[@aria-label="Flying from" and @class="SearchBoxTextEditor AutocompleteSearch__TextEditor"] element.</msg>
<msg timestamp="20230620 07:12:45.074" level="INFO">Sending keys Sydney</msg>
<status status="PASS" starttime="20230620 07:12:44.762" endtime="20230620 07:12:45.165"/>
</kw>
<kw name="Capture Page Screenshot" library="SeleniumLibrary">
<doc>Takes a screenshot of the current page and embeds it into a log file.</doc>
<msg timestamp="20230620 07:12:45.943" level="INFO" html="true">&lt;/td&gt;&lt;/tr&gt;&lt;tr&gt;&lt;td colspan="3"&gt;&lt;a href="selenium-screenshot-2470.png"&gt;&lt;img src="selenium-screenshot-2470.png" width="800px"&gt;&lt;/a&gt;</msg>
<status status="PASS" starttime="20230620 07:12:45.166" endtime="20230620 07:12:45.943"/>
</kw>
<kw name="Click Element" library="SeleniumLibrary">
<arg>${agoda_booking_page.airport_from}</arg>
<doc>Click the element identified by ``locator``.</doc>
<msg timestamp="20230620 07:12:45.946" level="INFO">Clicking element 'css=li[data-text="Sydney Airport"]'.</msg>
<status status="PASS" starttime="20230620 07:12:45.944" endtime="20230620 07:12:46.009"/>
</kw>
<kw name="Capture Page Screenshot" library="SeleniumLibrary">
<doc>Takes a screenshot of the current page and embeds it into a log file.</doc>
<msg timestamp="20230620 07:12:46.784" level="INFO" html="true">&lt;/td&gt;&lt;/tr&gt;&lt;tr&gt;&lt;td colspan="3"&gt;&lt;a href="selenium-screenshot-2471.png"&gt;&lt;img src="selenium-screenshot-2471.png" width="800px"&gt;&lt;/a&gt;</msg>
<status status="PASS" starttime="20230620 07:12:46.009" endtime="20230620 07:12:46.784"/>
</kw>
<kw name="Press Keys" library="SeleniumLibrary">
<arg>${agoda_booking_page.flying_to}</arg>
<arg>${search.flight_to}</arg>
<doc>Simulates the user pressing key(s) to an element or on the active browser.</doc>
<msg timestamp="20230620 07:12:46.786" level="INFO">Sending key(s) ('Hyderabad',) to css=input[aria-label="Flying to"] element.</msg>
<msg timestamp="20230620 07:12:47.238" level="INFO">Sending keys Hyderabad</msg>
<status status="PASS" starttime="20230620 07:12:46.784" endtime="20230620 07:12:47.340"/>
</kw>
<kw name="Capture Page Screenshot" library="SeleniumLibrary">
<doc>Takes a screenshot of the current page and embeds it into a log file.</doc>
<msg timestamp="20230620 07:12:48.091" level="INFO" html="true">&lt;/td&gt;&lt;/tr&gt;&lt;tr&gt;&lt;td colspan="3"&gt;&lt;a href="selenium-screenshot-2472.png"&gt;&lt;img src="selenium-screenshot-2472.png" width="800px"&gt;&lt;/a&gt;</msg>
<status status="PASS" starttime="20230620 07:12:47.340" endtime="20230620 07:12:48.091"/>
</kw>
<kw name="Click Element" library="SeleniumLibrary">
<arg>${agoda_booking_page.airport_to}</arg>
<doc>Click the element identified by ``locator``.</doc>
<msg timestamp="20230620 07:12:48.094" level="INFO">Clicking element 'css=li[data-text="Rajiv Gandhi International Airport"]'.</msg>
<status status="PASS" starttime="20230620 07:12:48.092" endtime="20230620 07:12:48.200"/>
</kw>
<kw name="Capture Page Screenshot" library="SeleniumLibrary">
<doc>Takes a screenshot of the current page and embeds it into a log file.</doc>
<msg timestamp="20230620 07:12:48.923" level="INFO" html="true">&lt;/td&gt;&lt;/tr&gt;&lt;tr&gt;&lt;td colspan="3"&gt;&lt;a href="selenium-screenshot-2473.png"&gt;&lt;img src="selenium-screenshot-2473.png" width="800px"&gt;&lt;/a&gt;</msg>
<status status="PASS" starttime="20230620 07:12:48.200" endtime="20230620 07:12:48.923"/>
</kw>
<kw name="Wait Until Element Is Visible" library="SeleniumLibrary">
<arg>${agoda_booking_page.departure}</arg>
<arg>${DATA.TIMEOUT}</arg>
<doc>Waits until the element ``locator`` is visible.</doc>
<status status="PASS" starttime="20230620 07:12:48.924" endtime="20230620 07:12:48.954"/>
</kw>
<kw name="Double Click Element" library="SeleniumLibrary">
<arg>${agoda_booking_page.departure}</arg>
<doc>Double clicks the element identified by ``locator``.</doc>
<msg timestamp="20230620 07:12:48.955" level="INFO">Double clicking element '(//div[@class="SearchBoxTextDescription__title"])[1]'.</msg>
<status status="PASS" starttime="20230620 07:12:48.954" endtime="20230620 07:12:49.294"/>
</kw>
<kw name="Capture Page Screenshot" library="SeleniumLibrary">
<doc>Takes a screenshot of the current page and embeds it into a log file.</doc>
<msg timestamp="20230620 07:12:50.049" level="INFO" html="true">&lt;/td&gt;&lt;/tr&gt;&lt;tr&gt;&lt;td colspan="3"&gt;&lt;a href="selenium-screenshot-2474.png"&gt;&lt;img src="selenium-screenshot-2474.png" width="800px"&gt;&lt;/a&gt;</msg>
<status status="PASS" starttime="20230620 07:12:49.294" endtime="20230620 07:12:50.049"/>
</kw>
<kw name="Wait Until Element Is Visible" library="SeleniumLibrary">
<arg>//div[@aria-label="${next_date}"]</arg>
<arg>${DATA.TIMEOUT}</arg>
<doc>Waits until the element ``locator`` is visible.</doc>
<status status="PASS" starttime="20230620 07:12:50.049" endtime="20230620 07:12:50.083"/>
</kw>
<kw name="Click Element" library="SeleniumLibrary">
<arg>//div[@aria-label="${next_date}"]</arg>
<doc>Click the element identified by ``locator``.</doc>
<msg timestamp="20230620 07:12:50.084" level="INFO">Clicking element '//div[@aria-label="Wed Jun 21 2023"]'.</msg>
<status status="PASS" starttime="20230620 07:12:50.083" endtime="20230620 07:12:50.161"/>
</kw>
<kw name="Capture Page Screenshot" library="SeleniumLibrary">
<doc>Takes a screenshot of the current page and embeds it into a log file.</doc>
<msg timestamp="20230620 07:12:50.831" level="INFO" html="true">&lt;/td&gt;&lt;/tr&gt;&lt;tr&gt;&lt;td colspan="3"&gt;&lt;a href="selenium-screenshot-2475.png"&gt;&lt;img src="selenium-screenshot-2475.png" width="800px"&gt;&lt;/a&gt;</msg>
<status status="PASS" starttime="20230620 07:12:50.162" endtime="20230620 07:12:50.831"/>
</kw>
<kw name="Wait Until Element Is Visible" library="SeleniumLibrary">
<arg>//div[@aria-label="${after_7_date}"]</arg>
<arg>${DATA.TIMEOUT}</arg>
<doc>Waits until the element ``locator`` is visible.</doc>
<status status="PASS" starttime="20230620 07:12:50.832" endtime="20230620 07:12:50.863"/>
</kw>
<kw name="Click Element" library="SeleniumLibrary">
<arg>//div[@aria-label="${after_7_date}"]</arg>
<doc>Click the element identified by ``locator``.</doc>
<msg timestamp="20230620 07:12:50.863" level="INFO">Clicking element '//div[@aria-label="Tue Jun 27 2023"]'.</msg>
<status status="PASS" starttime="20230620 07:12:50.863" endtime="20230620 07:12:50.933"/>
</kw>
<kw name="Capture Page Screenshot" library="SeleniumLibrary">
<doc>Takes a screenshot of the current page and embeds it into a log file.</doc>
<msg timestamp="20230620 07:12:51.729" level="INFO" html="true">&lt;/td&gt;&lt;/tr&gt;&lt;tr&gt;&lt;td colspan="3"&gt;&lt;a href="selenium-screenshot-2476.png"&gt;&lt;img src="selenium-screenshot-2476.png" width="800px"&gt;&lt;/a&gt;</msg>
<status status="PASS" starttime="20230620 07:12:50.933" endtime="20230620 07:12:51.729"/>
</kw>
<kw name="Click Element" library="SeleniumLibrary">
<arg>${agoda_booking_page.search_flight_hotel_btn}</arg>
<doc>Click the element identified by ``locator``.</doc>
<msg timestamp="20230620 07:12:51.731" level="INFO">Clicking element '//button[@class="Buttonstyled__ButtonStyled-sc-5gjk6l-0 htsfYK sc-cxFLnm kPocJH"]'.</msg>
<status status="PASS" starttime="20230620 07:12:51.730" endtime="20230620 07:12:54.678"/>
</kw>
<kw name="Sleep" library="BuiltIn">
<arg>10s</arg>
<doc>Pauses the test executed for the given time.</doc>
<msg timestamp="20230620 07:13:04.680" level="INFO">Slept 10 seconds</msg>
<status status="PASS" starttime="20230620 07:12:54.679" endtime="20230620 07:13:04.680"/>
</kw>
<kw name="Wait Until Element Is Visible" library="SeleniumLibrary">
<arg>${agoda_booking_page.hotel_check_in_popup}</arg>
<arg>${DATA.TIMEOUT}</arg>
<doc>Waits until the element ``locator`` is visible.</doc>
<status status="PASS" starttime="20230620 07:13:04.681" endtime="20230620 07:13:05.217"/>
</kw>
<kw name="Capture Page Screenshot" library="SeleniumLibrary">
<doc>Takes a screenshot of the current page and embeds it into a log file.</doc>
<msg timestamp="20230620 07:13:05.832" level="INFO" html="true">&lt;/td&gt;&lt;/tr&gt;&lt;tr&gt;&lt;td colspan="3"&gt;&lt;a href="selenium-screenshot-2477.png"&gt;&lt;img src="selenium-screenshot-2477.png" width="800px"&gt;&lt;/a&gt;</msg>
<status status="PASS" starttime="20230620 07:13:05.217" endtime="20230620 07:13:05.832"/>
</kw>
<kw name="Click Element" library="SeleniumLibrary">
<arg>${agoda_booking_page.hotel_popup_ok_btn}</arg>
<doc>Click the element identified by ``locator``.</doc>
<msg timestamp="20230620 07:13:05.834" level="INFO">Clicking element '//button[@class="Buttonstyled__ButtonStyled-sc-5gjk6l-0 jndwMN sc-dOSReg lhXIuw"]'.</msg>
<status status="PASS" starttime="20230620 07:13:05.832" endtime="20230620 07:13:06.008"/>
</kw>
<kw name="Wait Until Element Is Visible" library="SeleniumLibrary">
<arg>${agoda_booking_page.trip_from_to}</arg>
<arg>${DATA.TIMEOUT}</arg>
<doc>Waits until the element ``locator`` is visible.</doc>
<status status="PASS" starttime="20230620 07:13:06.009" endtime="20230620 07:13:06.067"/>
</kw>
<kw name="Capture Page Screenshot" library="SeleniumLibrary">
<doc>Takes a screenshot of the current page and embeds it into a log file.</doc>
<msg timestamp="20230620 07:13:06.668" level="INFO" html="true">&lt;/td&gt;&lt;/tr&gt;&lt;tr&gt;&lt;td colspan="3"&gt;&lt;a href="selenium-screenshot-2478.png"&gt;&lt;img src="selenium-screenshot-2478.png" width="800px"&gt;&lt;/a&gt;</msg>
<status status="PASS" starttime="20230620 07:13:06.067" endtime="20230620 07:13:06.668"/>
</kw>
<kw name="Log" library="BuiltIn">
<arg>Hotel List displayed</arg>
<doc>Logs the given message with the given level.</doc>
<msg timestamp="20230620 07:13:06.670" level="INFO">Hotel List displayed</msg>
<status status="PASS" starttime="20230620 07:13:06.670" endtime="20230620 07:13:06.670"/>
</kw>
<status status="PASS" starttime="20230620 07:12:43.069" endtime="20230620 07:13:06.671"/>
</kw>
<kw name="select_hotel_from_displayed_hotel_list" library="Page">
<doc>Select hotel from hotel list</doc>
<kw name="Wait Until Element Is Visible" library="SeleniumLibrary">
<arg>${hotel_selection.select_hotel}</arg>
<arg>${DATA.TIMEOUT}</arg>
<doc>Waits until the element ``locator`` is visible.</doc>
<status status="PASS" starttime="20230620 07:13:06.672" endtime="20230620 07:13:06.753"/>
</kw>
<kw name="Capture Page Screenshot" library="SeleniumLibrary">
<doc>Takes a screenshot of the current page and embeds it into a log file.</doc>
<msg timestamp="20230620 07:13:07.293" level="INFO" html="true">&lt;/td&gt;&lt;/tr&gt;&lt;tr&gt;&lt;td colspan="3"&gt;&lt;a href="selenium-screenshot-2479.png"&gt;&lt;img src="selenium-screenshot-2479.png" width="800px"&gt;&lt;/a&gt;</msg>
<status status="PASS" starttime="20230620 07:13:06.754" endtime="20230620 07:13:07.293"/>
</kw>
<kw name="Scroll Element Into View" library="SeleniumLibrary">
<arg>${hotel_selection.select_hotel}</arg>
<doc>Scrolls the element identified by ``locator`` into view.</doc>
<status status="PASS" starttime="20230620 07:13:07.293" endtime="20230620 07:13:07.662"/>
</kw>
<kw name="Capture Page Screenshot" library="SeleniumLibrary">
<doc>Takes a screenshot of the current page and embeds it into a log file.</doc>
<msg timestamp="20230620 07:13:08.233" level="INFO" html="true">&lt;/td&gt;&lt;/tr&gt;&lt;tr&gt;&lt;td colspan="3"&gt;&lt;a href="selenium-screenshot-2480.png"&gt;&lt;img src="selenium-screenshot-2480.png" width="800px"&gt;&lt;/a&gt;</msg>
<status status="PASS" starttime="20230620 07:13:07.663" endtime="20230620 07:13:08.234"/>
</kw>
<kw name="Get Element Attribute" library="SeleniumLibrary">
<var>${hotel_and_flight_price}</var>
<arg>${hotel_selection.price_displayed}</arg>
<arg>data-element-amount</arg>
<doc>Returns the value of ``attribute`` from the element ``locator``.</doc>
<msg timestamp="20230620 07:13:08.554" level="INFO">${hotel_and_flight_price} = 162,731</msg>
<status status="PASS" starttime="20230620 07:13:08.234" endtime="20230620 07:13:08.554"/>
</kw>
<kw name="Remove String" library="String">
<var>${str}</var>
<arg>${hotel_and_flight_price}</arg>
<arg>,</arg>
<doc>Removes all ``removables`` from the given ``string``.</doc>
<msg timestamp="20230620 07:13:08.555" level="INFO">${str} = 162731</msg>
<status status="PASS" starttime="20230620 07:13:08.554" endtime="20230620 07:13:08.555"/>
</kw>
<kw name="Set Test Variable" library="BuiltIn">
<arg>${hotel_and_flight_price}</arg>
<arg>${str}</arg>
<doc>Makes a variable available everywhere within the scope of the current test.</doc>
<msg timestamp="20230620 07:13:08.556" level="INFO">${hotel_and_flight_price} = 162731</msg>
<status status="PASS" starttime="20230620 07:13:08.555" endtime="20230620 07:13:08.556"/>
</kw>
<kw name="Log" library="BuiltIn">
<arg>${hotel_and_flight_price}</arg>
<doc>Logs the given message with the given level.</doc>
<msg timestamp="20230620 07:13:08.557" level="INFO">162731</msg>
<status status="PASS" starttime="20230620 07:13:08.556" endtime="20230620 07:13:08.557"/>
</kw>
<kw name="Capture Page Screenshot" library="SeleniumLibrary">
<doc>Takes a screenshot of the current page and embeds it into a log file.</doc>
<msg timestamp="20230620 07:13:09.027" level="INFO" html="true">&lt;/td&gt;&lt;/tr&gt;&lt;tr&gt;&lt;td colspan="3"&gt;&lt;a href="selenium-screenshot-2481.png"&gt;&lt;img src="selenium-screenshot-2481.png" width="800px"&gt;&lt;/a&gt;</msg>
<status status="PASS" starttime="20230620 07:13:08.557" endtime="20230620 07:13:09.028"/>
</kw>
<kw name="Click Button" library="SeleniumLibrary">
<arg>${hotel_selection.select_room_btn}</arg>
<doc>Clicks the button identified by ``locator``.</doc>
<msg timestamp="20230620 07:13:09.029" level="INFO">Clicking button '//li[@data-hotelid="178188"]/div/a/div/div[3]/div/div[2]/button[@class="Buttonstyled__ButtonStyled-sc-5gjk6l-0 GdtgX Box-sc-kv6pi1-0 gCoSwT"]'.</msg>
<status status="PASS" starttime="20230620 07:13:09.028" endtime="20230620 07:13:09.389"/>
</kw>
<kw name="Capture Page Screenshot" library="SeleniumLibrary">
<doc>Takes a screenshot of the current page and embeds it into a log file.</doc>
<msg timestamp="20230620 07:13:09.990" level="INFO" html="true">&lt;/td&gt;&lt;/tr&gt;&lt;tr&gt;&lt;td colspan="3"&gt;&lt;a href="selenium-screenshot-2482.png"&gt;&lt;img src="selenium-screenshot-2482.png" width="800px"&gt;&lt;/a&gt;</msg>
<status status="PASS" starttime="20230620 07:13:09.389" endtime="20230620 07:13:09.990"/>
</kw>
<kw name="Log" library="BuiltIn">
<arg>Select Room button for hotel is clicked</arg>
<doc>Logs the given message with the given level.</doc>
<msg timestamp="20230620 07:13:09.990" level="INFO">Select Room button for hotel is clicked</msg>
<status status="PASS" starttime="20230620 07:13:09.990" endtime="20230620 07:13:09.990"/>
</kw>
<kw name="Switch Window" library="SeleniumLibrary">
<arg>new</arg>
<doc>Switches to browser window matching ``locator``.</doc>
<status status="PASS" starttime="20230620 07:13:09.991" endtime="20230620 07:13:10.205"/>
</kw>
<kw name="Wait Until Element Is Visible" library="SeleniumLibrary">
<arg>${hotel_selection.select_your_room}</arg>
<arg>${DATA.TIMEOUT}</arg>
<doc>Waits until the element ``locator`` is visible.</doc>
<status status="PASS" starttime="20230620 07:13:10.205" endtime="20230620 07:13:26.089"/>
</kw>
<kw name="Capture Page Screenshot" library="SeleniumLibrary">
<doc>Takes a screenshot of the current page and embeds it into a log file.</doc>
<msg timestamp="20230620 07:13:26.785" level="INFO" html="true">&lt;/td&gt;&lt;/tr&gt;&lt;tr&gt;&lt;td colspan="3"&gt;&lt;a href="selenium-screenshot-2483.png"&gt;&lt;img src="selenium-screenshot-2483.png" width="800px"&gt;&lt;/a&gt;</msg>
<status status="PASS" starttime="20230620 07:13:26.090" endtime="20230620 07:13:26.785"/>
</kw>
<kw name="Log" library="BuiltIn">
<arg>Hotel selected</arg>
<doc>Logs the given message with the given level.</doc>
<msg timestamp="20230620 07:13:26.786" level="INFO">Hotel selected</msg>
<status status="PASS" starttime="20230620 07:13:26.785" endtime="20230620 07:13:26.786"/>
</kw>
<status status="PASS" starttime="20230620 07:13:06.671" endtime="20230620 07:13:26.786"/>
</kw>
<kw name="select_hotel_room" library="Page">
<doc>Select Hotel room</doc>
<kw name="Capture Page Screenshot" library="SeleniumLibrary">
<doc>Takes a screenshot of the current page and embeds it into a log file.</doc>
<msg timestamp="20230620 07:13:27.468" level="INFO" html="true">&lt;/td&gt;&lt;/tr&gt;&lt;tr&gt;&lt;td colspan="3"&gt;&lt;a href="selenium-screenshot-2484.png"&gt;&lt;img src="selenium-screenshot-2484.png" width="800px"&gt;&lt;/a&gt;</msg>
<status status="PASS" starttime="20230620 07:13:26.787" endtime="20230620 07:13:27.468"/>
</kw>
<kw name="Wait Until Element Is Visible" library="SeleniumLibrary">
<arg>${room_selection.room}</arg>
<arg>${DATA.TIMEOUT}</arg>
<doc>Waits until the element ``locator`` is visible.</doc>
<status status="PASS" starttime="20230620 07:13:27.469" endtime="20230620 07:13:27.504"/>
</kw>
<kw name="Scroll Element Into View" library="SeleniumLibrary">
<arg>${room_selection.select_your_room}</arg>
<doc>Scrolls the element identified by ``locator`` into view.</doc>
<status status="PASS" starttime="20230620 07:13:27.504" endtime="20230620 07:13:27.806"/>
</kw>
<kw name="Scroll Element Into View" library="SeleniumLibrary">
<arg>${room_selection.room_count}</arg>
<doc>Scrolls the element identified by ``locator`` into view.</doc>
<status status="PASS" starttime="20230620 07:13:27.806" endtime="20230620 07:13:28.101"/>
</kw>
<kw name="Wait Until Element Is Visible" library="SeleniumLibrary">
<arg>${room_selection.room}</arg>
<arg>${DATA.TIMEOUT}</arg>
<doc>Waits until the element ``locator`` is visible.</doc>
<status status="PASS" starttime="20230620 07:13:28.102" endtime="20230620 07:13:28.125"/>
</kw>
<kw name="Capture Page Screenshot" library="SeleniumLibrary">
<doc>Takes a screenshot of the current page and embeds it into a log file.</doc>
<msg timestamp="20230620 07:13:28.580" level="INFO" html="true">&lt;/td&gt;&lt;/tr&gt;&lt;tr&gt;&lt;td colspan="3"&gt;&lt;a href="selenium-screenshot-2485.png"&gt;&lt;img src="selenium-screenshot-2485.png" width="800px"&gt;&lt;/a&gt;</msg>
<status status="PASS" starttime="20230620 07:13:28.125" endtime="20230620 07:13:28.580"/>
</kw>
<kw name="Get Text" library="SeleniumLibrary">
<var>${room_price}</var>
<arg>${room_selection.room_price_per_person}</arg>
<doc>Returns the text value of the element identified by ``locator``.</doc>
<msg timestamp="20230620 07:13:28.628" level="INFO">${room_price} = Rs. 0</msg>
<status status="PASS" starttime="20230620 07:13:28.580" endtime="20230620 07:13:28.628"/>
</kw>
<kw name="Remove String" library="String">
<var>${str}</var>
<arg>${room_price}</arg>
<arg>Rs.</arg>
<doc>Removes all ``removables`` from the given ``string``.</doc>
<msg timestamp="20230620 07:13:28.630" level="INFO">${str} =  0</msg>
<status status="PASS" starttime="20230620 07:13:28.628" endtime="20230620 07:13:28.630"/>
</kw>
<kw name="Set Test Variable" library="BuiltIn">
<arg>${room_price}</arg>
<arg>${str}</arg>
<doc>Makes a variable available everywhere within the scope of the current test.</doc>
<msg timestamp="20230620 07:13:28.631" level="INFO">${room_price} =  0</msg>
<status status="PASS" starttime="20230620 07:13:28.630" endtime="20230620 07:13:28.631"/>
</kw>
<kw name="Log" library="BuiltIn">
<arg>${room_price}</arg>
<doc>Logs the given message with the given level.</doc>
<msg timestamp="20230620 07:13:28.632" level="INFO"> 0</msg>
<status status="PASS" starttime="20230620 07:13:28.632" endtime="20230620 07:13:28.632"/>
</kw>
<kw name="Scroll Element Into View" library="SeleniumLibrary">
<arg>${room_selection.book_now_btn}</arg>
<doc>Scrolls the element identified by ``locator`` into view.</doc>
<status status="PASS" starttime="20230620 07:13:28.632" endtime="20230620 07:13:28.949"/>
</kw>
<kw name="Capture Page Screenshot" library="SeleniumLibrary">
<doc>Takes a screenshot of the current page and embeds it into a log file.</doc>
<msg timestamp="20230620 07:13:29.525" level="INFO" html="true">&lt;/td&gt;&lt;/tr&gt;&lt;tr&gt;&lt;td colspan="3"&gt;&lt;a href="selenium-screenshot-2486.png"&gt;&lt;img src="selenium-screenshot-2486.png" width="800px"&gt;&lt;/a&gt;</msg>
<status status="PASS" starttime="20230620 07:13:28.950" endtime="20230620 07:13:29.525"/>
</kw>
<kw name="Click Button" library="SeleniumLibrary">
<arg>${room_selection.book_now_btn}</arg>
<doc>Clicks the button identified by ``locator``.</doc>
<msg timestamp="20230620 07:13:29.527" level="INFO">Clicking button '//button[@data-element-master-room-id="3168255"]'.</msg>
<status status="PASS" starttime="20230620 07:13:29.526" endtime="20230620 07:13:33.242"/>
</kw>
<kw name="Wait Until Element Is Visible" library="SeleniumLibrary">
<arg>${flight_selection.chng_your_flight}</arg>
<arg>${DATA.TIMEOUT}</arg>
<doc>Waits until the element ``locator`` is visible.</doc>
<status status="PASS" starttime="20230620 07:13:33.242" endtime="20230620 07:13:33.282"/>
</kw>
<kw name="Capture Page Screenshot" library="SeleniumLibrary">
<doc>Takes a screenshot of the current page and embeds it into a log file.</doc>
<msg timestamp="20230620 07:13:34.017" level="INFO" html="true">&lt;/td&gt;&lt;/tr&gt;&lt;tr&gt;&lt;td colspan="3"&gt;&lt;a href="selenium-screenshot-2487.png"&gt;&lt;img src="selenium-screenshot-2487.png" width="800px"&gt;&lt;/a&gt;</msg>
<status status="PASS" starttime="20230620 07:13:33.282" endtime="20230620 07:13:34.017"/>
</kw>
<kw name="Log" library="BuiltIn">
<arg>Room selected</arg>
<doc>Logs the given message with the given level.</doc>
<msg timestamp="20230620 07:13:34.017" level="INFO">Room selected</msg>
<status status="PASS" starttime="20230620 07:13:34.017" endtime="20230620 07:13:34.017"/>
</kw>
<status status="PASS" starttime="20230620 07:13:26.786" endtime="20230620 07:13:34.018"/>
</kw>
<kw name="select_flight" library="Page">
<doc>Select Cheapest flight</doc>
<kw name="Capture Page Screenshot" library="SeleniumLibrary">
<doc>Takes a screenshot of the current page and embeds it into a log file.</doc>
<msg timestamp="20230620 07:13:34.586" level="INFO" html="true">&lt;/td&gt;&lt;/tr&gt;&lt;tr&gt;&lt;td colspan="3"&gt;&lt;a href="selenium-screenshot-2488.png"&gt;&lt;img src="selenium-screenshot-2488.png" width="800px"&gt;&lt;/a&gt;</msg>
<status status="PASS" starttime="20230620 07:13:34.018" endtime="20230620 07:13:34.586"/>
</kw>
<kw name="Wait Until Element Is Visible" library="SeleniumLibrary">
<arg>${flight_selection.booking_summary}</arg>
<arg>${DATA.TIMEOUT}</arg>
<doc>Waits until the element ``locator`` is visible.</doc>
<status status="PASS" starttime="20230620 07:13:34.587" endtime="20230620 07:13:34.732"/>
</kw>
<kw name="Capture Page Screenshot" library="SeleniumLibrary">
<doc>Takes a screenshot of the current page and embeds it into a log file.</doc>
<msg timestamp="20230620 07:13:36.225" level="INFO" html="true">&lt;/td&gt;&lt;/tr&gt;&lt;tr&gt;&lt;td colspan="3"&gt;&lt;a href="selenium-screenshot-2489.png"&gt;&lt;img src="selenium-screenshot-2489.png" width="800px"&gt;&lt;/a&gt;</msg>
<status status="PASS" starttime="20230620 07:13:34.732" endtime="20230620 07:13:36.225"/>
</kw>
<kw name="Get Text" library="SeleniumLibrary">
<var>${flight_and_room_price}</var>
<arg>${flight_selection.flight_and_room_price}</arg>
<doc>Returns the text value of the element identified by ``locator``.</doc>
<msg timestamp="20230620 07:13:36.268" level="INFO">${flight_and_room_price} = 162,731</msg>
<status status="PASS" starttime="20230620 07:13:36.225" endtime="20230620 07:13:36.268"/>
</kw>
<kw name="Remove String" library="String">
<var>${str}</var>
<arg>${flight_and_room_price}</arg>
<arg>,</arg>
<doc>Removes all ``removables`` from the given ``string``.</doc>
<msg timestamp="20230620 07:13:36.269" level="INFO">${str} = 162731</msg>
<status status="PASS" starttime="20230620 07:13:36.268" endtime="20230620 07:13:36.269"/>
</kw>
<kw name="Set Test Variable" library="BuiltIn">
<arg>${flight_and_room_price}</arg>
<arg>${str}</arg>
<doc>Makes a variable available everywhere within the scope of the current test.</doc>
<msg timestamp="20230620 07:13:36.270" level="INFO">${flight_and_room_price} = 162731</msg>
<status status="PASS" starttime="20230620 07:13:36.270" endtime="20230620 07:13:36.270"/>
</kw>
<kw name="Log" library="BuiltIn">
<arg>${flight_and_room_price}</arg>
<doc>Logs the given message with the given level.</doc>
<msg timestamp="20230620 07:13:36.271" level="INFO">162731</msg>
<status status="PASS" starttime="20230620 07:13:36.271" endtime="20230620 07:13:36.271"/>
</kw>
<kw name="Click Button" library="SeleniumLibrary">
<arg>${flight_selection.book_btn}</arg>
<doc>Clicks the button identified by ``locator``.</doc>
<msg timestamp="20230620 07:13:36.273" level="INFO">Clicking button '//button[@class="Buttonstyled__ButtonStyled-sc-5gjk6l-0 kcBqLw Box-sc-kv6pi1-0 eoRCSd"]'.</msg>
<status status="PASS" starttime="20230620 07:13:36.272" endtime="20230620 07:13:38.270"/>
</kw>
<kw name="Log" library="BuiltIn">
<arg>Book button clicked</arg>
<doc>Logs the given message with the given level.</doc>
<msg timestamp="20230620 07:13:38.271" level="INFO">Book button clicked</msg>
<status status="PASS" starttime="20230620 07:13:38.270" endtime="20230620 07:13:38.271"/>
</kw>
<kw name="Wait Until Element Is Visible" library="SeleniumLibrary">
<arg>${customer_inf.customer_information}</arg>
<arg>${DATA.TIMEOUT}</arg>
<doc>Waits until the element ``locator`` is visible.</doc>
<status status="PASS" starttime="20230620 07:13:38.271" endtime="20230620 07:13:38.379"/>
</kw>
<kw name="Capture Page Screenshot" library="SeleniumLibrary">
<doc>Takes a screenshot of the current page and embeds it into a log file.</doc>
<msg timestamp="20230620 07:13:38.815" level="INFO" html="true">&lt;/td&gt;&lt;/tr&gt;&lt;tr&gt;&lt;td colspan="3"&gt;&lt;a href="selenium-screenshot-2490.png"&gt;&lt;img src="selenium-screenshot-2490.png" width="800px"&gt;&lt;/a&gt;</msg>
<status status="PASS" starttime="20230620 07:13:38.379" endtime="20230620 07:13:38.816"/>
</kw>
<status status="PASS" starttime="20230620 07:13:34.018" endtime="20230620 07:13:38.816"/>
</kw>
<kw name="validate_prices" library="Page">
<kw name="Log" library="BuiltIn">
<arg>${hotel_and_flight_price}</arg>
<doc>Logs the given message with the given level.</doc>
<msg timestamp="20230620 07:13:38.818" level="INFO">162731</msg>
<status status="PASS" starttime="20230620 07:13:38.818" endtime="20230620 07:13:38.818"/>
</kw>
<kw name="Log" library="BuiltIn">
<arg>${room_price}</arg>
<doc>Logs the given message with the given level.</doc>
<msg timestamp="20230620 07:13:38.818" level="INFO"> 0</msg>
<status status="PASS" starttime="20230620 07:13:38.818" endtime="20230620 07:13:38.819"/>
</kw>
<kw name="Log" library="BuiltIn">
<arg>${flight_and_room_price}</arg>
<doc>Logs the given message with the given level.</doc>
<msg timestamp="20230620 07:13:38.819" level="INFO">162731</msg>
<status status="PASS" starttime="20230620 07:13:38.819" endtime="20230620 07:13:38.819"/>
</kw>
<kw name="Sleep" library="BuiltIn">
<arg>30s</arg>
<doc>Pauses the test executed for the given time.</doc>
<msg timestamp="20230620 07:14:08.830" level="INFO">Slept 30 seconds</msg>
<status status="PASS" starttime="20230620 07:13:38.819" endtime="20230620 07:14:08.830"/>
</kw>
<kw name="Scroll Element Into View" library="SeleniumLibrary">
<arg>${price.total_pay}</arg>
<doc>Scrolls the element identified by ``locator`` into view.</doc>
<status status="PASS" starttime="20230620 07:14:08.831" endtime="20230620 07:14:09.162"/>
</kw>
<kw name="Get Text" library="SeleniumLibrary">
<var>${total_price}</var>
<arg>${price.total}</arg>
<doc>Returns the text value of the element identified by ``locator``.</doc>
<msg timestamp="20230620 07:14:09.201" level="INFO">${total_price} = Rs.162,730.77</msg>
<status status="PASS" starttime="20230620 07:14:09.162" endtime="20230620 07:14:09.202"/>
</kw>
<kw name="Log" library="BuiltIn">
<arg>${total_price}</arg>
<doc>Logs the given message with the given level.</doc>
<msg timestamp="20230620 07:14:09.202" level="INFO">Rs.162,730.77</msg>
<status status="PASS" starttime="20230620 07:14:09.202" endtime="20230620 07:14:09.203"/>
</kw>
<kw name="Remove String" library="String">
<var>${str}</var>
<arg>${total_price}</arg>
<arg>Rs.</arg>
<arg>,</arg>
<doc>Removes all ``removables`` from the given ``string``.</doc>
<msg timestamp="20230620 07:14:09.204" level="INFO">${str} = 162730.77</msg>
<status status="PASS" starttime="20230620 07:14:09.203" endtime="20230620 07:14:09.204"/>
</kw>
<kw name="Set Test Variable" library="BuiltIn">
<arg>${total_price}</arg>
<arg>${str}</arg>
<doc>Makes a variable available everywhere within the scope of the current test.</doc>
<msg timestamp="20230620 07:14:09.205" level="INFO">${total_price} = 162730.77</msg>
<status status="PASS" starttime="20230620 07:14:09.204" endtime="20230620 07:14:09.205"/>
</kw>
<kw name="Log" library="BuiltIn">
<arg>${flight_and_room_price}</arg>
<doc>Logs the given message with the given level.</doc>
<msg timestamp="20230620 07:14:09.205" level="INFO">162731</msg>
<status status="PASS" starttime="20230620 07:14:09.205" endtime="20230620 07:14:09.206"/>
</kw>
<kw name="Evaluate" library="BuiltIn">
<var>${price_display_at_search}</var>
<arg>${hotel_and_flight_price} + ${room_price}</arg>
<doc>Evaluates the given expression in Python and returns the result.</doc>
<msg timestamp="20230620 07:14:09.207" level="INFO">${price_display_at_search} = 162731</msg>
<status status="PASS" starttime="20230620 07:14:09.206" endtime="20230620 07:14:09.207"/>
</kw>
<kw name="Log" library="BuiltIn">
<arg>${price_display_at_search}</arg>
<doc>Logs the given message with the given level.</doc>
<msg timestamp="20230620 07:14:09.208" level="INFO">162731</msg>
<status status="PASS" starttime="20230620 07:14:09.207" endtime="20230620 07:14:09.208"/>
</kw>
<kw name="Log" library="BuiltIn">
<arg>${total_price}</arg>
<doc>Logs the given message with the given level.</doc>
<msg timestamp="20230620 07:14:09.209" level="INFO">162730.77</msg>
<status status="PASS" starttime="20230620 07:14:09.209" endtime="20230620 07:14:09.209"/>
</kw>
<kw name="Log" library="BuiltIn">
<arg>Price displayed at search is same as displayed at confirmation</arg>
<doc>Logs the given message with the given level.</doc>
<msg timestamp="20230620 07:14:09.210" level="INFO">Price displayed at search is same as displayed at confirmation</msg>
<status status="PASS" starttime="20230620 07:14:09.210" endtime="20230620 07:14:09.210"/>
</kw>
<status status="PASS" starttime="20230620 07:13:38.818" endtime="20230620 07:14:09.211"/>
</kw>
<doc>Searching flights</doc>
<tag>1</tag>
<status status="PASS" starttime="20230620 07:12:39.080" endtime="20230620 07:14:09.212"/>
</test>
<doc>Application Name : Booking.com</doc>
<status status="PASS" starttime="20230620 07:12:26.572" endtime="20230620 07:14:09.215"/>
</suite>
<statistics>
<total>
<stat pass="1" fail="0" skip="0">All Tests</stat>
</total>
<tag>
<stat pass="1" fail="0" skip="0">1</stat>
</tag>
<suite>
<stat pass="1" fail="0" skip="0" id="s1" name="Booking TESTSUITE">Booking TESTSUITE</stat>
</suite>
</statistics>
<errors>
<msg timestamp="20230620 07:12:26.983" level="ERROR">Error in file 'C:\Users\Mansi Vijay\automation\booking\PAGES\Page.robot' on line 4: Importing library 'AutoItLibrary' failed: com_error: (-2147319779, 'Library not registered.', None, None)
Traceback (most recent call last):
  File "C:\Users\Mansi Vijay\AppData\Local\Programs\Python\Python310\lib\site-packages\AutoItLibrary\__init__.py", line 46, in &lt;module&gt;
    win32com.client.gencache.EnsureModule("{F8937E53-D444-4E71-9275-35B64210CC3B}", 0, 1, 0)
  File "C:\Users\Mansi Vijay\AppData\Local\Programs\Python\Python310\lib\site-packages\win32com\client\gencache.py", line 601, in EnsureModule
    module = MakeModuleForTypelib(
  File "C:\Users\Mansi Vijay\AppData\Local\Programs\Python\Python310\lib\site-packages\win32com\client\gencache.py", line 318, in MakeModuleForTypelib
    makepy.GenerateFromTypeLibSpec(
  File "C:\Users\Mansi Vijay\AppData\Local\Programs\Python\Python310\lib\site-packages\win32com\client\makepy.py", line 261, in GenerateFromTypeLibSpec
    tlb = pythoncom.LoadRegTypeLib(typelibCLSID, major, minor, lcid)
PYTHONPATH:
  C:\Users\Mansi Vijay\AppData\Local\Programs\Python\Python310\Scripts\robot.exe
  C:\Users\Mansi Vijay\AppData\Local\Programs\Python\Python310\python310.zip
  C:\Users\Mansi Vijay\AppData\Local\Programs\Python\Python310\DLLs
  C:\Users\Mansi Vijay\AppData\Local\Programs\Python\Python310\lib
  C:\Users\Mansi Vijay\AppData\Local\Programs\Python\Python310
  C:\Users\Mansi Vijay\AppData\Roaming\Python\Python310\site-packages
  C:\Users\Mansi Vijay\AppData\Local\Programs\Python\Python310\lib\site-packages
  C:\Users\Mansi Vijay\AppData\Local\Programs\Python\Python310\lib\site-packages\win32
  C:\Users\Mansi Vijay\AppData\Local\Programs\Python\Python310\lib\site-packages\win32\lib
  C:\Users\Mansi Vijay\AppData\Local\Programs\Python\Python310\lib\site-packages\Pythonwin</msg>
<msg timestamp="20230620 07:12:30.772" level="ERROR">Error in file 'C:\Users\Mansi Vijay\automation\booking\PAGES\Page.robot' on line 15: Importing library 'AutoItLibrary' failed: com_error: (-2147319779, 'Library not registered.', None, None)
Traceback (most recent call last):
  File "C:\Users\Mansi Vijay\AppData\Local\Programs\Python\Python310\lib\site-packages\AutoItLibrary\__init__.py", line 46, in &lt;module&gt;
    win32com.client.gencache.EnsureModule("{F8937E53-D444-4E71-9275-35B64210CC3B}", 0, 1, 0)
  File "C:\Users\Mansi Vijay\AppData\Local\Programs\Python\Python310\lib\site-packages\win32com\client\gencache.py", line 601, in EnsureModule
    module = MakeModuleForTypelib(
  File "C:\Users\Mansi Vijay\AppData\Local\Programs\Python\Python310\lib\site-packages\win32com\client\gencache.py", line 318, in MakeModuleForTypelib
    makepy.GenerateFromTypeLibSpec(
  File "C:\Users\Mansi Vijay\AppData\Local\Programs\Python\Python310\lib\site-packages\win32com\client\makepy.py", line 261, in GenerateFromTypeLibSpec
    tlb = pythoncom.LoadRegTypeLib(typelibCLSID, major, minor, lcid)
PYTHONPATH:
  C:\Users\Mansi Vijay\AppData\Local\Programs\Python\Python310\Scripts\robot.exe
  C:\Users\Mansi Vijay\AppData\Local\Programs\Python\Python310\python310.zip
  C:\Users\Mansi Vijay\AppData\Local\Programs\Python\Python310\DLLs
  C:\Users\Mansi Vijay\AppData\Local\Programs\Python\Python310\lib
  C:\Users\Mansi Vijay\AppData\Local\Programs\Python\Python310
  C:\Users\Mansi Vijay\AppData\Roaming\Python\Python310\site-packages
  C:\Users\Mansi Vijay\AppData\Local\Programs\Python\Python310\lib\site-packages
  C:\Users\Mansi Vijay\AppData\Local\Programs\Python\Python310\lib\site-packages\win32
  C:\Users\Mansi Vijay\AppData\Local\Programs\Python\Python310\lib\site-packages\win32\lib
  C:\Users\Mansi Vijay\AppData\Local\Programs\Python\Python310\lib\site-packages\Pythonwin
  C:\Windows\Microsoft.NET\Framework64\v4.0.30319\</msg>
</errors>
</robot>
